# JRE version: OpenJDK Runtime Environment (8.0_112-b06) (build 1.8.0_112-release-b06)
# Java VM: OpenJDK 64-Bit Server VM (25.112-b06 mixed mode windows-amd64 compressed oops)
Heap:
 PSYoungGen      total 171008K, used 20988K [0x00000000e0000000, 0x00000000ee680000, 0x0000000100000000)
  eden space 150016K, 0% used [0x00000000e0000000,0x00000000e0000000,0x00000000e9280000)
  from space 20992K, 99% used [0x00000000ed200000,0x00000000ee67f350,0x00000000ee680000)
  to   space 19968K, 0% used [0x00000000e9280000,0x00000000e9280000,0x00000000ea600000)
 ParOldGen       total 107008K, used 67694K [0x00000000a0000000, 0x00000000a6880000, 0x00000000e0000000)
  object space 107008K, 63% used [0x00000000a0000000,0x00000000a421ba68,0x00000000a6880000)
 Metaspace       used 62901K, capacity 64892K, committed 65024K, reserved 1110016K
  class space    used 8191K, capacity 8649K, committed 8704K, reserved 1048576K
GC Heap History (10 events):
Event: 14.756 GC heap after
Heap after GC invocations=15 (full 3):
 PSYoungGen      total 169472K, used 4704K [0x00000000e0000000, 0x00000000ed180000, 0x0000000100000000)
  eden space 150016K, 0% used [0x00000000e0000000,0x00000000e0000000,0x00000000e9280000)
  from space 19456K, 24% used [0x00000000ebe80000,0x00000000ec318000,0x00000000ed180000)
  to   space 19968K, 0% used [0x00000000e9280000,0x00000000e9280000,0x00000000ea600000)
 ParOldGen       total 107008K, used 35174K [0x00000000a0000000, 0x00000000a6880000, 0x00000000e0000000)
  object space 107008K, 32% used [0x00000000a0000000,0x00000000a2259978,0x00000000a6880000)
 Metaspace       used 58575K, capacity 60502K, committed 60800K, reserved 1101824K
  class space    used 7817K, capacity 8244K, committed 8320K, reserved 1048576K
}
Event: 16.129 GC heap before
{Heap before GC invocations=16 (full 3):
 PSYoungGen      total 169472K, used 154720K [0x00000000e0000000, 0x00000000ed180000, 0x0000000100000000)
  eden space 150016K, 100% used [0x00000000e0000000,0x00000000e9280000,0x00000000e9280000)
  from space 19456K, 24% used [0x00000000ebe80000,0x00000000ec318000,0x00000000ed180000)
  to   space 19968K, 0% used [0x00000000e9280000,0x00000000e9280000,0x00000000ea600000)
 ParOldGen       total 107008K, used 35174K [0x00000000a0000000, 0x00000000a6880000, 0x00000000e0000000)
  object space 107008K, 32% used [0x00000000a0000000,0x00000000a2259978,0x00000000a6880000)
 Metaspace       used 62273K, capacity 64266K, committed 64512K, reserved 1105920K
  class space    used 8168K, capacity 8614K, committed 8704K, reserved 1048576K
Event: 16.140 GC heap after
Heap after GC invocations=16 (full 3):
 PSYoungGen      total 169984K, used 15720K [0x00000000e0000000, 0x00000000ee680000, 0x0000000100000000)
  eden space 150016K, 0% used [0x00000000e0000000,0x00000000e0000000,0x00000000e9280000)
  from space 19968K, 78% used [0x00000000e9280000,0x00000000ea1da0b8,0x00000000ea600000)
  to   space 20992K, 0% used [0x00000000ed200000,0x00000000ed200000,0x00000000ee680000)
 ParOldGen       total 107008K, used 35182K [0x00000000a0000000, 0x00000000a6880000, 0x00000000e0000000)
  object space 107008K, 32% used [0x00000000a0000000,0x00000000a225b978,0x00000000a6880000)
 Metaspace       used 62273K, capacity 64266K, committed 64512K, reserved 1105920K
  class space    used 8168K, capacity 8614K, committed 8704K, reserved 1048576K
}
Event: 16.683 GC heap before
{Heap before GC invocations=17 (full 3):
 PSYoungGen      total 169984K, used 165736K [0x00000000e0000000, 0x00000000ee680000, 0x0000000100000000)
  eden space 150016K, 100% used [0x00000000e0000000,0x00000000e9280000,0x00000000e9280000)
  from space 19968K, 78% used [0x00000000e9280000,0x00000000ea1da0b8,0x00000000ea600000)
  to   space 20992K, 0% used [0x00000000ed200000,0x00000000ed200000,0x00000000ee680000)
 ParOldGen       total 107008K, used 35182K [0x00000000a0000000, 0x00000000a6880000, 0x00000000e0000000)
  object space 107008K, 32% used [0x00000000a0000000,0x00000000a225b978,0x00000000a6880000)
 Metaspace       used 62596K, capacity 64682K, committed 64768K, reserved 1105920K
  class space    used 8184K, capacity 8646K, committed 8704K, reserved 1048576K
Event: 16.730 GC heap after
Heap after GC invocations=17 (full 3):
 PSYoungGen      total 171008K, used 20990K [0x00000000e0000000, 0x00000000ee680000, 0x0000000100000000)
  eden space 150016K, 0% used [0x00000000e0000000,0x00000000e0000000,0x00000000e9280000)
  from space 20992K, 99% used [0x00000000ed200000,0x00000000ee67f860,0x00000000ee680000)
  to   space 19968K, 0% used [0x00000000e9280000,0x00000000e9280000,0x00000000ea600000)
 ParOldGen       total 107008K, used 46660K [0x00000000a0000000, 0x00000000a6880000, 0x00000000e0000000)
  object space 107008K, 43% used [0x00000000a0000000,0x00000000a2d912e8,0x00000000a6880000)
 Metaspace       used 62596K, capacity 64682K, committed 64768K, reserved 1105920K
  class space    used 8184K, capacity 8646K, committed 8704K, reserved 1048576K
}
Event: 17.407 GC heap before
{Heap before GC invocations=18 (full 3):
 PSYoungGen      total 171008K, used 171006K [0x00000000e0000000, 0x00000000ee680000, 0x0000000100000000)
  eden space 150016K, 100% used [0x00000000e0000000,0x00000000e9280000,0x00000000e9280000)
  from space 20992K, 99% used [0x00000000ed200000,0x00000000ee67f860,0x00000000ee680000)
  to   space 19968K, 0% used [0x00000000e9280000,0x00000000e9280000,0x00000000ea600000)
 ParOldGen       total 107008K, used 46660K [0x00000000a0000000, 0x00000000a6880000, 0x00000000e0000000)
  object space 107008K, 43% used [0x00000000a0000000,0x00000000a2d912e8,0x00000000a6880000)
 Metaspace       used 62815K, capacity 64828K, committed 65024K, reserved 1105920K
  class space    used 8191K, capacity 8649K, committed 8704K, reserved 1048576K
Event: 17.434 GC heap after
Heap after GC invocations=18 (full 3):
 PSYoungGen      total 169984K, used 19949K [0x00000000e0000000, 0x00000000ee680000, 0x0000000100000000)
  eden space 150016K, 0% used [0x00000000e0000000,0x00000000e0000000,0x00000000e9280000)
  from space 19968K, 99% used [0x00000000e9280000,0x00000000ea5fb408,0x00000000ea600000)
  to   space 20992K, 0% used [0x00000000ed200000,0x00000000ed200000,0x00000000ee680000)
 ParOldGen       total 107008K, used 63662K [0x00000000a0000000, 0x00000000a6880000, 0x00000000e0000000)
  object space 107008K, 59% used [0x00000000a0000000,0x00000000a3e2b948,0x00000000a6880000)
 Metaspace       used 62815K, capacity 64828K, committed 65024K, reserved 1105920K
  class space    used 8191K, capacity 8649K, committed 8704K, reserved 1048576K
}
Event: 17.553 GC heap before
{Heap before GC invocations=19 (full 3):
 PSYoungGen      total 169984K, used 58694K [0x00000000e0000000, 0x00000000ee680000, 0x0000000100000000)
  eden space 150016K, 25% used [0x00000000e0000000,0x00000000e25d6528,0x00000000e9280000)
  from space 19968K, 99% used [0x00000000e9280000,0x00000000ea5fb408,0x00000000ea600000)
  to   space 20992K, 0% used [0x00000000ed200000,0x00000000ed200000,0x00000000ee680000)
 ParOldGen       total 107008K, used 63662K [0x00000000a0000000, 0x00000000a6880000, 0x00000000e0000000)
  object space 107008K, 59% used [0x00000000a0000000,0x00000000a3e2b948,0x00000000a6880000)
 Metaspace       used 62901K, capacity 64892K, committed 65024K, reserved 1110016K
  class space    used 8191K, capacity 8649K, committed 8704K, reserved 1048576K
Event: 17.572 GC heap after
Heap after GC invocations=19 (full 3):
 PSYoungGen      total 171008K, used 20988K [0x00000000e0000000, 0x00000000ee680000, 0x0000000100000000)
  eden space 150016K, 0% used [0x00000000e0000000,0x00000000e0000000,0x00000000e9280000)
  from space 20992K, 99% used [0x00000000ed200000,0x00000000ee67f350,0x00000000ee680000)
  to   space 19968K, 0% used [0x00000000e9280000,0x00000000e9280000,0x00000000ea600000)
 ParOldGen       total 107008K, used 67694K [0x00000000a0000000, 0x00000000a6880000, 0x00000000e0000000)
  object space 107008K, 63% used [0x00000000a0000000,0x00000000a421ba68,0x00000000a6880000)
 Metaspace       used 62901K, capacity 64892K, committed 65024K, reserved 1110016K
  class space    used 8191K, capacity 8649K, committed 8704K, reserved 1048576K
}
Event: 17.572 GC heap before
{Heap before GC invocations=20 (full 4):
 PSYoungGen      total 171008K, used 20988K [0x00000000e0000000, 0x00000000ee680000, 0x0000000100000000)
  eden space 150016K, 0% used [0x00000000e0000000,0x00000000e0000000,0x00000000e9280000)
  from space 20992K, 99% used [0x00000000ed200000,0x00000000ee67f350,0x00000000ee680000)
  to   space 19968K, 0% used [0x00000000e9280000,0x00000000e9280000,0x00000000ea600000)
 ParOldGen       total 107008K, used 67694K [0x00000000a0000000, 0x00000000a6880000, 0x00000000e0000000)
  object space 107008K, 63% used [0x00000000a0000000,0x00000000a421ba68,0x00000000a6880000)
 Metaspace       used 62901K, capacity 64892K, committed 65024K, reserved 1110016K
  class space    used 8191K, capacity 8649K, committed 8704K, reserved 1048576K

